TN:
SF:/Users/colinmcdonald/Desktop/coding/polislife/src/actions/actionBills.js
FN:12,getItem
FN:13,setItem
FN:20,getRoleBills
FN:28,getSenateBillData
FN:33,(anonymous_6)
FN:40,addBillType
FN:50,addUserBills
FN:62,receiveSenateBillData
FN:69,getHouseBillData
FN:75,(anonymous_13)
FN:82,receiveHouseBillData
FN:89,addToBills
FN:95,yes
FN:102,no
FN:113,billVote
FN:124,userVotes
FN:129,(anonymous_22)
FN:146,getVotingHistory
FN:147,(anonymous_26)
FN:154,receiveVotingHistory
FN:161,loginCheck
FN:179,updateLocalStorage
FN:192,(anonymous_33)
FN:198,userVotes
FN:203,(anonymous_35)
FNF:25
FNH:20
FNDA:1,getItem
FNDA:2,setItem
FNDA:1,getRoleBills
FNDA:2,getSenateBillData
FNDA:1,(anonymous_6)
FNDA:4,addBillType
FNDA:1,addUserBills
FNDA:1,receiveSenateBillData
FNDA:1,getHouseBillData
FNDA:1,(anonymous_13)
FNDA:1,receiveHouseBillData
FNDA:0,addToBills
FNDA:0,yes
FNDA:0,no
FNDA:1,billVote
FNDA:0,userVotes
FNDA:0,(anonymous_22)
FNDA:1,getVotingHistory
FNDA:1,(anonymous_26)
FNDA:1,receiveVotingHistory
FNDA:2,loginCheck
FNDA:1,updateLocalStorage
FNDA:1,(anonymous_33)
FNDA:1,userVotes
FNDA:1,(anonymous_35)
DA:20,1
DA:21,1
DA:28,1
DA:30,2
DA:40,1
DA:42,4
DA:50,1
DA:52,1
DA:53,4
DA:54,12
DA:62,1
DA:69,1
DA:71,1
DA:82,1
DA:89,1
DA:95,1
DA:102,1
DA:113,1
DA:124,1
DA:126,0
DA:146,1
DA:154,1
DA:161,1
DA:163,2
DA:179,1
DA:181,1
DA:198,1
DA:200,1
LF:28
LH:27
BRDA:21,1,0,0
BRDA:21,1,1,1
BRDA:30,2,0,1
BRDA:30,2,1,1
BRDA:47,3,0,1
BRDA:47,3,1,3
BRDA:54,4,0,3
BRDA:54,4,1,9
BRDA:54,5,0,12
BRDA:54,5,1,9
BRDA:71,6,0,1
BRDA:71,6,1,0
BRDA:126,7,0,0
BRDA:126,7,1,0
BRDA:157,8,0,0
BRDA:163,9,0,1
BRDA:163,9,1,1
BRDA:181,10,0,1
BRDA:181,10,1,0
BRDA:200,11,0,1
BRDA:200,11,1,0
BRF:21
BRH:14
end_of_record
TN:
SF:/Users/colinmcdonald/Desktop/coding/polislife/src/actions/actionLogin.js
FN:12,loginSuccess
FN:18,loginError
FN:24,registrationError
FN:30,processingLogin
FN:36,userRegister
FN:37,(anonymous_6)
FN:49,(anonymous_8)
FN:60,processRegistration
FN:66,processLogout
FN:75,userLogin
FN:76,(anonymous_12)
FN:87,(anonymous_13)
FN:93,(anonymous_14)
FN:104,handleUser
FNF:14
FNH:0
FNDA:0,loginSuccess
FNDA:0,loginError
FNDA:0,registrationError
FNDA:0,processingLogin
FNDA:0,userRegister
FNDA:0,(anonymous_6)
FNDA:0,(anonymous_8)
FNDA:0,processRegistration
FNDA:0,processLogout
FNDA:0,userLogin
FNDA:0,(anonymous_12)
FNDA:0,(anonymous_13)
FNDA:0,(anonymous_14)
FNDA:0,handleUser
DA:12,1
DA:18,1
DA:24,1
DA:30,1
DA:36,1
DA:50,0
DA:60,1
DA:66,1
DA:75,1
DA:88,0
DA:94,0
DA:104,1
LF:12
LH:9
BRDA:50,1,0,0
BRDA:50,1,1,0
BRDA:88,2,0,0
BRDA:88,2,1,0
BRDA:94,3,0,0
BRDA:94,3,1,0
BRF:6
BRH:0
end_of_record
TN:
SF:/Users/colinmcdonald/Desktop/coding/polislife/src/reducers/reducerBills.js
FN:4,upcomingBills
FN:50,changeBillProps
FN:59,idChecker
FN:73,changeLoginToTrue
FNF:4
FNH:4
FNDA:10,upcomingBills
FNDA:2,changeBillProps
FNDA:2,idChecker
FNDA:1,changeLoginToTrue
DA:4,1
DA:50,1
DA:51,2
DA:54,0
DA:59,1
DA:60,2
DA:61,8
DA:73,1
DA:75,1
DA:77,4
LF:10
LH:9
BRDA:4,1,0,1
BRDA:11,2,0,10
BRDA:11,2,1,10
BRDA:13,3,0,1
BRDA:13,3,1,1
BRDA:13,3,2,1
BRDA:13,3,3,1
BRDA:13,3,4,1
BRDA:13,3,5,1
BRDA:13,3,6,1
BRDA:13,3,7,1
BRDA:13,3,8,1
BRDA:13,3,9,1
BRDA:51,4,0,2
BRDA:51,4,1,0
BRDA:54,5,0,0
BRDA:54,5,1,0
BRDA:61,6,0,2
BRDA:61,6,1,6
BRDA:77,7,0,2
BRDA:77,7,1,2
BRF:21
BRH:18
end_of_record
TN:
SF:/Users/colinmcdonald/Desktop/coding/polislife/src/components/Bills/UpcomingRepBills.js
FN:15,(anonymous_12)
FN:33,mapStateToProps
FNF:2
FNH:1
FNDA:1,(anonymous_12)
FNDA:0,mapStateToProps
DA:16,1
DA:33,1
LF:2
LH:2
BRDA:16,1,0,1
BRDA:16,1,1,0
BRDA:26,2,0,1
BRDA:26,3,0,1
BRDA:26,3,1,1
BRF:5
BRH:4
end_of_record
TN:
SF:/Users/colinmcdonald/Desktop/coding/polislife/src/components/Bills/BillList.js
FN:9,BillList
FN:47,(anonymous_14)
FN:77,mapStateToProps
FNF:3
FNH:0
FNDA:0,BillList
FNDA:0,(anonymous_14)
FNDA:0,mapStateToProps
DA:9,1
DA:21,0
DA:22,0
DA:25,0
DA:48,0
DA:49,0
DA:50,0
DA:60,0
DA:77,1
LF:9
LH:2
BRDA:21,1,0,0
BRDA:21,1,1,0
BRDA:22,2,0,0
BRDA:22,2,1,0
BRDA:25,3,0,0
BRDA:25,3,1,0
BRDA:48,4,0,0
BRDA:48,4,1,0
BRDA:49,5,0,0
BRDA:49,5,1,0
BRF:10
BRH:0
end_of_record
TN:
SF:/Users/colinmcdonald/Desktop/coding/polislife/src/components/Bills/Bill.js
FNF:0
FNH:0
LF:0
LH:0
BRDA:21,1,0,0
BRDA:21,1,1,0
BRDA:22,2,0,0
BRDA:22,2,1,0
BRDA:23,3,0,0
BRDA:23,3,1,0
BRF:6
BRH:0
end_of_record
TN:
SF:/Users/colinmcdonald/Desktop/coding/polislife/src/components/Spinner/Spinner.js
FNF:0
FNH:0
LF:0
LH:0
BRF:0
BRH:0
end_of_record
TN:
SF:/Users/colinmcdonald/Desktop/coding/polislife/src/actions/actionContributor.js
FN:6,processCandidate
FN:21,getContributorData
FN:22,(anonymous_4)
FN:25,(anonymous_6)
FN:32,receiveContributorData
FN:40,setGraphType
FN:46,createData
FNF:7
FNH:0
FNDA:0,processCandidate
FNDA:0,getContributorData
FNDA:0,(anonymous_4)
FNDA:0,(anonymous_6)
FNDA:0,receiveContributorData
FNDA:0,setGraphType
FNDA:0,createData
DA:6,1
DA:21,1
DA:32,1
DA:40,1
DA:46,1
LF:5
LH:5
BRF:0
BRH:0
end_of_record
TN:
SF:/Users/colinmcdonald/Desktop/coding/polislife/src/reducers/reducerContributor.js
FN:3,contributorData
FNF:1
FNH:0
FNDA:0,contributorData
DA:3,1
LF:1
LH:1
BRDA:3,1,0,0
BRDA:5,2,0,0
BRDA:5,2,1,0
BRDA:7,3,0,0
BRDA:7,3,1,0
BRF:5
BRH:0
end_of_record
TN:
SF:/Users/colinmcdonald/Desktop/coding/polislife/src/actions/actionRepresentatives.js
FN:9,changeFetching
FN:15,receiveRepresentatives
FN:22,getRepresentatives
FN:27,(anonymous_5)
FN:35,increaseProgress
FN:41,stopProgress
FNF:6
FNH:4
FNDA:1,changeFetching
FNDA:1,receiveRepresentatives
FNDA:1,getRepresentatives
FNDA:1,(anonymous_5)
FNDA:0,increaseProgress
FNDA:0,stopProgress
DA:9,1
DA:15,1
DA:22,1
DA:24,1
DA:35,1
DA:41,1
LF:6
LH:6
BRDA:24,1,0,1
BRDA:24,1,1,0
BRF:2
BRH:1
end_of_record
TN:
SF:/Users/colinmcdonald/Desktop/coding/polislife/src/actions/actionRepWords.js
FN:6,getRepWords
FN:11,(anonymous_2)
FN:18,receiveRepWords
FN:25,makeWordsData
FN:26,(anonymous_7)
FN:34,nextTenWords
FN:40,previousTenWords
FNF:7
FNH:7
FNDA:3,getRepWords
FNDA:1,(anonymous_2)
FNDA:1,receiveRepWords
FNDA:1,makeWordsData
FNDA:10,(anonymous_7)
FNDA:1,nextTenWords
FNDA:1,previousTenWords
DA:6,1
DA:8,3
DA:18,1
DA:25,1
DA:34,1
DA:40,1
LF:6
LH:6
BRDA:8,1,0,1
BRDA:8,1,1,2
BRF:2
BRH:2
end_of_record
TN:
SF:/Users/colinmcdonald/Desktop/coding/polislife/src/reducers/reducerRepWords.js
FN:3,repWords
FNF:1
FNH:1
FNDA:6,repWords
DA:3,1
LF:1
LH:1
BRDA:3,1,0,1
BRDA:7,2,0,6
BRDA:7,2,1,6
BRDA:9,3,0,1
BRDA:9,3,1,2
BRDA:9,3,2,2
BRDA:9,3,3,1
BRDA:15,4,0,2
BRDA:15,4,1,0
BRDA:21,5,0,1
BRDA:21,5,1,1
BRF:11
BRH:10
end_of_record
TN:
SF:/Users/colinmcdonald/Desktop/coding/polislife/src/containers/Representatives/RepWords.js
FN:8,RepWords
FN:26,(anonymous_13)
FN:53,mapStateToProps
FNF:3
FNH:2
FNDA:3,RepWords
FNDA:2,(anonymous_13)
FNDA:0,mapStateToProps
DA:8,1
DA:27,2
DA:53,1
LF:3
LH:3
BRDA:27,1,0,2
BRDA:27,1,1,0
BRDA:37,2,0,2
BRF:3
BRH:2
end_of_record
